<?xml version="1.0" encoding="UTF-8"?>
<!-- Generated by org.testng.reporters.JUnitReportReporter -->
<testsuite hostname="DESKTOP-TNINED8" failures="0" tests="1" name="goldenindia.ServiceStaff.Base.ServiceStaffBase" time="6.343" errors="0" timestamp="2024-03-16T21:42:24 IST" skipped="0">
  <testcase classname="goldenindia.ServiceStaff.Base.ServiceStaffBase" name="driverIntialization" time="6.343"/>
</testsuite> <!-- goldenindia.ServiceStaff.Base.ServiceStaffBase -->
