<?xml version="1.0" encoding="UTF-8"?>
<!-- Generated by org.testng.reporters.JUnitReportReporter -->
<testsuite hostname="DESKTOP-TNINED8" failures="0" tests="1" name="goldenindia.ServiceStaff.TestRunners.servicestafftestrunner" time="30.829" errors="0" timestamp="2024-05-13T17:16:36 IST" skipped="0">
  <testcase classname="goldenindia.ServiceStaff.TestRunners.servicestafftestrunner" name="runScenario" time="30.829"/>
  <system-out/>
</testsuite> <!-- goldenindia.ServiceStaff.TestRunners.servicestafftestrunner -->
