<?xml version="1.0" encoding="UTF-8"?>
<!-- Generated by org.testng.reporters.JUnitReportReporter -->
<testsuite hostname="DESKTOP-TNINED8" failures="0" tests="1" name="goldenindia.ServiceStaff.TestRunners.servicestafftestrunner" time="53.821" errors="0" timestamp="2024-05-21T17:40:16 IST" skipped="0">
  <testcase classname="goldenindia.ServiceStaff.TestRunners.servicestafftestrunner" name="runScenario" time="53.821"/>
  <system-out/>
</testsuite> <!-- goldenindia.ServiceStaff.TestRunners.servicestafftestrunner -->
