<?xml version="1.0" encoding="UTF-8"?>
<!-- Generated by org.testng.reporters.JUnitReportReporter -->
<testsuite hostname="DESKTOP-TNINED8" failures="0" tests="1" name="goldenindia.ServiceStaff.TestRunners.servicestafftestruner" time="29.953" errors="0" timestamp="2024-05-06T17:24:18 IST" skipped="0">
  <testcase classname="goldenindia.ServiceStaff.TestRunners.servicestafftestruner" name="runScenario" time="29.953"/>
</testsuite> <!-- goldenindia.ServiceStaff.TestRunners.servicestafftestruner -->
