<?xml version="1.0" encoding="UTF-8"?>
<!-- Generated by org.testng.reporters.JUnitReportReporter -->
<testsuite hostname="DESKTOP-TNINED8" failures="0" tests="1" name="goldenindia.ServiceStaff.TestRunners.servicestafftestrunner" time="32.362" errors="1" timestamp="2024-05-07T11:37:55 IST" skipped="0">
  <testcase classname="goldenindia.ServiceStaff.TestRunners.servicestafftestrunner" name="runScenario" time="32.362">
    <error message="TODO: implement me" type="io.cucumber.java.PendingException">
      <![CDATA[io.cucumber.java.PendingException: TODO: implement me
at goldenindia.ServiceStaff.StepDefinitions.servicestaffpanel.i_edit_a_product(servicestaffpanel.java:177)
at âœ½.I edit a product(file:///C:/Users/Admin/GoldenIndia/ServiceStaffPanel/src/test/java/goldenindia/ServiceStaff/Features/servicestaffpanel.feature:28)
]]>
    </error>
  </testcase> <!-- runScenario -->
</testsuite> <!-- goldenindia.ServiceStaff.TestRunners.servicestafftestrunner -->
